<?xml version="1.0" encoding="UTF-8"?>
<!-- Generated by org.testng.reporters.JUnitXMLReporter -->
<testsuite hostname="STI-D01-PRAKAS" name="Windows2" tests="5" failures="0" timestamp="16 Aug 2017 11:36:53 GMT" time="114.067" errors="0">
  <testcase name="TC_001 on [TestCases passed=0 failed=0 skipped=0]" time="9.86" classname="TestCases.TestCases"/>
  <testcase name="TC_002 on [TestCases passed=0 failed=0 skipped=0]" time="15.466" classname="TestCases.TestCases"/>
  <testcase name="TC_003 on [TestCases passed=0 failed=0 skipped=0]" time="17.125" classname="TestCases.TestCases"/>
  <testcase name="TC_004 on [TestCases passed=0 failed=0 skipped=0]" time="13.402" classname="TestCases.TestCases"/>
  <testcase name="TC_005 on [TestCases passed=0 failed=0 skipped=0]" time="12.712" classname="TestCases.TestCases"/>
</testsuite> <!-- Windows2 -->
