<?xml version="1.0" encoding="UTF-8"?>
<!-- Generated by org.testng.reporters.JUnitXMLReporter -->
<testsuite hostname="STI-D01-PRAKAS" name="Windows1" tests="5" failures="0" timestamp="29 Aug 2017 14:53:48 GMT" time="130.893" errors="0">
  <testcase name="TC_001 on [TestCases passed=0 failed=0 skipped=0]" time="11.513" classname="TestCases.TestCases"/>
  <testcase name="TC_002 on [TestCases passed=0 failed=0 skipped=0]" time="16.333" classname="TestCases.TestCases"/>
  <testcase name="TC_003 on [TestCases passed=0 failed=0 skipped=0]" time="14.189" classname="TestCases.TestCases"/>
  <testcase name="TC_004 on [TestCases passed=0 failed=0 skipped=0]" time="13.071" classname="TestCases.TestCases"/>
  <testcase name="TC_005 on [TestCases passed=0 failed=0 skipped=0]" time="11.177" classname="TestCases.TestCases"/>
</testsuite> <!-- Windows1 -->
