<?xml version="1.0" encoding="UTF-8"?>
<!-- Generated by org.testng.reporters.JUnitXMLReporter -->
<testsuite hostname="STI-D01-PRAKAS" name="Windows2" tests="5" failures="0" timestamp="29 Aug 2017 14:53:39 GMT" time="122.208" errors="0">
  <testcase name="TC_001 on [TestCases passed=0 failed=0 skipped=0]" time="9.896" classname="TestCases.TestCases"/>
  <testcase name="TC_002 on [TestCases passed=0 failed=0 skipped=0]" time="19.405" classname="TestCases.TestCases"/>
  <testcase name="TC_003 on [TestCases passed=0 failed=0 skipped=0]" time="14.838" classname="TestCases.TestCases"/>
  <testcase name="TC_004 on [TestCases passed=0 failed=0 skipped=0]" time="12.327" classname="TestCases.TestCases"/>
  <testcase name="TC_005 on [TestCases passed=0 failed=0 skipped=0]" time="15.782" classname="TestCases.TestCases"/>
</testsuite> <!-- Windows2 -->
