<?xml version="1.0" encoding="UTF-8"?>
<testng-results skipped="0" failed="0" total="1" passed="1">
  <reporter-output>
  </reporter-output>
  <suite name="Default suite" duration-ms="127895" started-at="2017-08-29T13:42:56Z" finished-at="2017-08-29T13:45:04Z">
    <groups>
    </groups>
    <test name="Default test" duration-ms="127895" started-at="2017-08-29T13:42:56Z" finished-at="2017-08-29T13:45:04Z">
      <class name="LaunchScript.LaunchScript">
        <test-method status="PASS" signature="Launch()[pri:0, instance:[LaunchScript passed=0 failed=0 skipped=0]]" name="Launch" duration-ms="127883" started-at="2017-08-29T19:12:56Z" finished-at="2017-08-29T19:15:04Z">
          <reporter-output>
          </reporter-output>
        </test-method> <!-- Launch -->
      </class> <!-- LaunchScript.LaunchScript -->
    </test> <!-- Default test -->
  </suite> <!-- Default suite -->
</testng-results>
